[0501/172034.480:WARNING:resource_bundle.cc(466)] locale_file_path.empty() for locale 
[0501/172059.552:WARNING:resource_bundle.cc(466)] locale_file_path.empty() for locale 
[0501/172244.460:ERROR:icu_util.cc(223)] Invalid file descriptor to ICU data received.
[0501/172244.460:FATAL:icu_util.cc(297)] Check failed: result. 
	IsSandboxedProcess [0x00007FF9D40FBB42+1500930]
	IsSandboxedProcess [0x00007FF9D538172D+20923117]
	IsSandboxedProcess [0x00007FF9D416EE71+1972785]
	IsSandboxedProcess [0x00007FF9D416ED48+1972488]
	IsSandboxedProcess [0x00007FF9D4187488+2072648]
	IsSandboxedProcess [0x00007FF9D418720C+2072012]
	IsSandboxedProcess [0x00007FF9D432708D+3775565]
	CrashForExceptionInNonABICompliantCodeRange [0x00007FF9D38FF617+35976535]
	CrashForExceptionInNonABICompliantCodeRange [0x00007FF9D38FE5DA+35972378]
	CrashForExceptionInNonABICompliantCodeRange [0x00007FF9D38FE848+35973000]
	CrashForExceptionInNonABICompliantCodeRange [0x00007FF9D3F8C58E+42845390]
	ChromeMain [0x00007FF9CF54135B+667]
	GetPakFileHashes [0x00007FF72338235A+4954]
	GetPakFileHashes [0x00007FF7233815EE+1518]
	GetHandleVerifier [0x00007FF7234FD532+1057346]
	BaseThreadInitThunk [0x00007FFA8292257D+29]
	RtlUserThreadStart [0x00007FFA8468AA48+40]

[0501/172258.179:ERROR:icu_util.cc(223)] Invalid file descriptor to ICU data received.
[0501/172258.179:FATAL:icu_util.cc(297)] Check failed: result. 
	IsSandboxedProcess [0x00007FF9D40FBB42+1500930]
	IsSandboxedProcess [0x00007FF9D538172D+20923117]
	IsSandboxedProcess [0x00007FF9D416EE71+1972785]
	IsSandboxedProcess [0x00007FF9D416ED48+1972488]
	IsSandboxedProcess [0x00007FF9D4187488+2072648]
	IsSandboxedProcess [0x00007FF9D418720C+2072012]
	IsSandboxedProcess [0x00007FF9D432708D+3775565]
	CrashForExceptionInNonABICompliantCodeRange [0x00007FF9D38FF617+35976535]
	CrashForExceptionInNonABICompliantCodeRange [0x00007FF9D38FE5DA+35972378]
	CrashForExceptionInNonABICompliantCodeRange [0x00007FF9D38FE848+35973000]
	CrashForExceptionInNonABICompliantCodeRange [0x00007FF9D3F8C58E+42845390]
	ChromeMain [0x00007FF9CF54135B+667]
	GetPakFileHashes [0x00007FF72338235A+4954]
	GetPakFileHashes [0x00007FF7233815EE+1518]
	GetHandleVerifier [0x00007FF7234FD532+1057346]
	BaseThreadInitThunk [0x00007FFA8292257D+29]
	RtlUserThreadStart [0x00007FFA8468AA48+40]

[0501/172300.755:ERROR:icu_util.cc(223)] Invalid file descriptor to ICU data received.
[0501/172300.755:FATAL:icu_util.cc(297)] Check failed: result. 
	IsSandboxedProcess [0x00007FF9D40FBB42+1500930]
	IsSandboxedProcess [0x00007FF9D538172D+20923117]
	IsSandboxedProcess [0x00007FF9D416EE71+1972785]
	IsSandboxedProcess [0x00007FF9D416ED48+1972488]
	IsSandboxedProcess [0x00007FF9D4187488+2072648]
	IsSandboxedProcess [0x00007FF9D418720C+2072012]
	IsSandboxedProcess [0x00007FF9D432708D+3775565]
	CrashForExceptionInNonABICompliantCodeRange [0x00007FF9D38FF617+35976535]
	CrashForExceptionInNonABICompliantCodeRange [0x00007FF9D38FE5DA+35972378]
	CrashForExceptionInNonABICompliantCodeRange [0x00007FF9D38FE848+35973000]
	CrashForExceptionInNonABICompliantCodeRange [0x00007FF9D3F8C58E+42845390]
	ChromeMain [0x00007FF9CF54135B+667]
	GetPakFileHashes [0x00007FF72338235A+4954]
	GetPakFileHashes [0x00007FF7233815EE+1518]
	GetHandleVerifier [0x00007FF7234FD532+1057346]
	BaseThreadInitThunk [0x00007FFA8292257D+29]
	RtlUserThreadStart [0x00007FFA8468AA48+40]

[0501/172331.578:ERROR:icu_util.cc(223)] Invalid file descriptor to ICU data received.
[0501/172331.578:FATAL:icu_util.cc(297)] Check failed: result. 
	IsSandboxedProcess [0x00007FF9D40FBB42+1500930]
	IsSandboxedProcess [0x00007FF9D538172D+20923117]
	IsSandboxedProcess [0x00007FF9D416EE71+1972785]
	IsSandboxedProcess [0x00007FF9D416ED48+1972488]
	IsSandboxedProcess [0x00007FF9D4187488+2072648]
	IsSandboxedProcess [0x00007FF9D418720C+2072012]
	IsSandboxedProcess [0x00007FF9D432708D+3775565]
	CrashForExceptionInNonABICompliantCodeRange [0x00007FF9D38FF617+35976535]
	CrashForExceptionInNonABICompliantCodeRange [0x00007FF9D38FE5DA+35972378]
	CrashForExceptionInNonABICompliantCodeRange [0x00007FF9D38FE848+35973000]
	CrashForExceptionInNonABICompliantCodeRange [0x00007FF9D3F8C58E+42845390]
	ChromeMain [0x00007FF9CF54135B+667]
	GetPakFileHashes [0x00007FF72338235A+4954]
	GetPakFileHashes [0x00007FF7233815EE+1518]
	GetHandleVerifier [0x00007FF7234FD532+1057346]
	BaseThreadInitThunk [0x00007FFA8292257D+29]
	RtlUserThreadStart [0x00007FFA8468AA48+40]

[0501/172403.911:WARNING:resource_bundle.cc(466)] locale_file_path.empty() for locale 
[0501/172522.256:WARNING:resource_bundle.cc(466)] locale_file_path.empty() for locale 
[0501/173102.003:WARNING:resource_bundle.cc(466)] locale_file_path.empty() for locale 
[0501/173608.147:WARNING:resource_bundle.cc(466)] locale_file_path.empty() for locale 
[0501/191918.743:WARNING:resource_bundle.cc(466)] locale_file_path.empty() for locale 
[0501/191918.743:WARNING:resource_bundle.cc(466)] locale_file_path.empty() for locale 
[0501/192117.485:WARNING:resource_bundle.cc(466)] locale_file_path.empty() for locale 
[0501/192235.155:WARNING:resource_bundle.cc(466)] locale_file_path.empty() for locale 
[0501/192434.329:WARNING:resource_bundle.cc(466)] locale_file_path.empty() for locale 
[0501/192811.159:WARNING:resource_bundle.cc(466)] locale_file_path.empty() for locale 
[0501/193503.796:WARNING:resource_bundle.cc(466)] locale_file_path.empty() for locale 
[0506/125951.835:WARNING:resource_bundle.cc(466)] locale_file_path.empty() for locale 
[0506/125951.855:WARNING:resource_bundle.cc(466)] locale_file_path.empty() for locale 
[0506/131504.642:WARNING:resource_bundle.cc(466)] locale_file_path.empty() for locale 
[0506/132055.822:WARNING:resource_bundle.cc(466)] locale_file_path.empty() for locale 
[0506/140813.335:WARNING:resource_bundle.cc(466)] locale_file_path.empty() for locale 
[0506/142317.819:WARNING:resource_bundle.cc(466)] locale_file_path.empty() for locale 
[0506/142429.160:WARNING:resource_bundle.cc(466)] locale_file_path.empty() for locale 
[0506/142959.661:WARNING:resource_bundle.cc(466)] locale_file_path.empty() for locale 
[0506/164630.494:WARNING:resource_bundle.cc(466)] locale_file_path.empty() for locale 
[0506/164713.327:WARNING:resource_bundle.cc(466)] locale_file_path.empty() for locale 
[0506/164922.474:WARNING:resource_bundle.cc(466)] locale_file_path.empty() for locale 
[0506/165439.540:WARNING:resource_bundle.cc(466)] locale_file_path.empty() for locale 
[0507/145110.604:WARNING:resource_bundle.cc(466)] locale_file_path.empty() for locale 
[0507/145149.762:WARNING:resource_bundle.cc(466)] locale_file_path.empty() for locale 
[0509/194807.586:WARNING:resource_bundle.cc(466)] locale_file_path.empty() for locale 
[0509/195228.133:WARNING:resource_bundle.cc(466)] locale_file_path.empty() for locale 
[0509/195551.530:WARNING:resource_bundle.cc(466)] locale_file_path.empty() for locale 
[0509/195635.369:WARNING:resource_bundle.cc(466)] locale_file_path.empty() for locale 
[0509/195902.989:WARNING:resource_bundle.cc(466)] locale_file_path.empty() for locale 
[0509/200035.249:WARNING:resource_bundle.cc(466)] locale_file_path.empty() for locale 
[0509/200636.001:WARNING:resource_bundle.cc(466)] locale_file_path.empty() for locale 
[0509/202217.889:WARNING:resource_bundle.cc(466)] locale_file_path.empty() for locale 
[0509/202218.065:WARNING:resource_bundle.cc(466)] locale_file_path.empty() for locale 
[0509/202307.548:WARNING:resource_bundle.cc(466)] locale_file_path.empty() for locale 
[0509/202333.703:WARNING:resource_bundle.cc(466)] locale_file_path.empty() for locale 
[0509/202532.203:WARNING:resource_bundle.cc(466)] locale_file_path.empty() for locale 
[0509/203032.386:WARNING:resource_bundle.cc(466)] locale_file_path.empty() for locale 
[0509/203303.167:WARNING:resource_bundle.cc(466)] locale_file_path.empty() for locale 
[0509/203320.623:WARNING:resource_bundle.cc(466)] locale_file_path.empty() for locale 
[0509/210532.244:WARNING:resource_bundle.cc(466)] locale_file_path.empty() for locale 
[0509/210615.175:WARNING:resource_bundle.cc(466)] locale_file_path.empty() for locale 
[0509/211145.860:WARNING:resource_bundle.cc(466)] locale_file_path.empty() for locale 
[0510/122548.143:WARNING:resource_bundle.cc(466)] locale_file_path.empty() for locale 
[0510/123132.213:WARNING:resource_bundle.cc(466)] locale_file_path.empty() for locale 
[0510/123159.092:WARNING:resource_bundle.cc(466)] locale_file_path.empty() for locale 
[0510/124308.933:WARNING:resource_bundle.cc(466)] locale_file_path.empty() for locale 
[0510/124547.245:WARNING:resource_bundle.cc(466)] locale_file_path.empty() for locale 
[0510/124802.239:WARNING:resource_bundle.cc(466)] locale_file_path.empty() for locale 
[0510/125013.602:WARNING:resource_bundle.cc(466)] locale_file_path.empty() for locale 
[0510/125241.904:WARNING:resource_bundle.cc(466)] locale_file_path.empty() for locale 
[0510/130159.241:WARNING:resource_bundle.cc(466)] locale_file_path.empty() for locale 
[0510/131441.970:WARNING:resource_bundle.cc(466)] locale_file_path.empty() for locale 
[0510/131626.481:WARNING:resource_bundle.cc(466)] locale_file_path.empty() for locale 
[0510/131951.227:WARNING:resource_bundle.cc(466)] locale_file_path.empty() for locale 
[0510/132400.111:WARNING:resource_bundle.cc(466)] locale_file_path.empty() for locale 
[0510/144310.326:WARNING:resource_bundle.cc(466)] locale_file_path.empty() for locale 
[0510/144351.416:WARNING:resource_bundle.cc(466)] locale_file_path.empty() for locale 
[0510/144519.888:WARNING:resource_bundle.cc(466)] locale_file_path.empty() for locale 
[0510/145734.774:WARNING:resource_bundle.cc(466)] locale_file_path.empty() for locale 
[0510/145830.610:WARNING:resource_bundle.cc(466)] locale_file_path.empty() for locale 
[0510/145932.624:WARNING:resource_bundle.cc(466)] locale_file_path.empty() for locale 
[0510/150120.961:WARNING:resource_bundle.cc(466)] locale_file_path.empty() for locale 
[0510/150136.063:WARNING:resource_bundle.cc(466)] locale_file_path.empty() for locale 
[0510/151652.284:WARNING:resource_bundle.cc(466)] locale_file_path.empty() for locale 
[0510/151935.513:WARNING:resource_bundle.cc(466)] locale_file_path.empty() for locale 
[0510/152005.596:WARNING:resource_bundle.cc(466)] locale_file_path.empty() for locale 
[0510/152826.388:WARNING:resource_bundle.cc(466)] locale_file_path.empty() for locale 
[0510/201710.667:WARNING:resource_bundle.cc(466)] locale_file_path.empty() for locale 
[0510/201828.558:WARNING:resource_bundle.cc(466)] locale_file_path.empty() for locale 
[0510/202313.515:WARNING:resource_bundle.cc(466)] locale_file_path.empty() for locale 
[0510/202334.954:WARNING:resource_bundle.cc(466)] locale_file_path.empty() for locale 
[0510/202422.780:WARNING:resource_bundle.cc(466)] locale_file_path.empty() for locale 
[0510/202600.715:WARNING:resource_bundle.cc(466)] locale_file_path.empty() for locale 
[0510/202707.411:WARNING:resource_bundle.cc(466)] locale_file_path.empty() for locale 
[0510/202811.479:WARNING:resource_bundle.cc(466)] locale_file_path.empty() for locale 
[0510/202929.626:WARNING:resource_bundle.cc(466)] locale_file_path.empty() for locale 
[0510/202950.034:WARNING:resource_bundle.cc(466)] locale_file_path.empty() for locale 
[0510/203519.893:WARNING:resource_bundle.cc(466)] locale_file_path.empty() for locale 
[0510/203613.042:WARNING:resource_bundle.cc(466)] locale_file_path.empty() for locale 
[0510/203632.471:WARNING:resource_bundle.cc(466)] locale_file_path.empty() for locale 
[0511/102843.626:WARNING:resource_bundle.cc(466)] locale_file_path.empty() for locale 
[0511/102905.045:WARNING:resource_bundle.cc(466)] locale_file_path.empty() for locale 
[0511/103015.210:WARNING:resource_bundle.cc(466)] locale_file_path.empty() for locale 
[0511/103032.320:WARNING:resource_bundle.cc(466)] locale_file_path.empty() for locale 
[0511/103140.733:WARNING:resource_bundle.cc(466)] locale_file_path.empty() for locale 
[0511/103207.103:WARNING:resource_bundle.cc(466)] locale_file_path.empty() for locale 
[0511/103226.830:WARNING:resource_bundle.cc(466)] locale_file_path.empty() for locale 
[0511/103251.716:WARNING:resource_bundle.cc(466)] locale_file_path.empty() for locale 
[0511/104026.833:WARNING:resource_bundle.cc(466)] locale_file_path.empty() for locale 
[0511/104051.162:WARNING:resource_bundle.cc(466)] locale_file_path.empty() for locale 
[0511/160640.209:WARNING:resource_bundle.cc(466)] locale_file_path.empty() for locale 
[0511/161754.043:WARNING:resource_bundle.cc(466)] locale_file_path.empty() for locale 
[0511/162409.000:WARNING:resource_bundle.cc(466)] locale_file_path.empty() for locale 
[0511/162514.858:WARNING:resource_bundle.cc(466)] locale_file_path.empty() for locale 
[0511/162841.687:WARNING:resource_bundle.cc(466)] locale_file_path.empty() for locale 
[0511/163241.310:WARNING:resource_bundle.cc(466)] locale_file_path.empty() for locale 
[0511/163336.343:WARNING:resource_bundle.cc(466)] locale_file_path.empty() for locale 
[0511/164157.317:WARNING:resource_bundle.cc(466)] locale_file_path.empty() for locale 
[0511/164848.950:WARNING:resource_bundle.cc(466)] locale_file_path.empty() for locale 
[0511/165756.899:WARNING:resource_bundle.cc(466)] locale_file_path.empty() for locale 
[0511/165807.193:WARNING:resource_bundle.cc(466)] locale_file_path.empty() for locale 
[0511/170430.544:WARNING:resource_bundle.cc(466)] locale_file_path.empty() for locale 
[0511/170446.352:WARNING:resource_bundle.cc(466)] locale_file_path.empty() for locale 
[0511/170558.895:WARNING:resource_bundle.cc(466)] locale_file_path.empty() for locale 
[0511/170859.604:WARNING:resource_bundle.cc(466)] locale_file_path.empty() for locale 
[0511/171133.779:WARNING:resource_bundle.cc(466)] locale_file_path.empty() for locale 
[0511/171622.927:WARNING:resource_bundle.cc(466)] locale_file_path.empty() for locale 
[0511/172218.685:WARNING:resource_bundle.cc(466)] locale_file_path.empty() for locale 
[0511/172513.177:WARNING:resource_bundle.cc(466)] locale_file_path.empty() for locale 
[0512/151032.852:WARNING:resource_bundle.cc(466)] locale_file_path.empty() for locale 
[0512/151306.264:WARNING:resource_bundle.cc(466)] locale_file_path.empty() for locale 
[0512/152355.936:WARNING:resource_bundle.cc(466)] locale_file_path.empty() for locale 
[0512/161540.424:WARNING:resource_bundle.cc(466)] locale_file_path.empty() for locale 
[0512/161737.430:WARNING:resource_bundle.cc(466)] locale_file_path.empty() for locale 
[0512/161814.798:WARNING:resource_bundle.cc(466)] locale_file_path.empty() for locale 
[0512/162002.021:WARNING:resource_bundle.cc(466)] locale_file_path.empty() for locale 
[0512/163105.231:WARNING:resource_bundle.cc(466)] locale_file_path.empty() for locale 
[0512/163218.172:WARNING:resource_bundle.cc(466)] locale_file_path.empty() for locale 
[0512/163410.650:WARNING:resource_bundle.cc(466)] locale_file_path.empty() for locale 
[0512/164449.422:WARNING:resource_bundle.cc(466)] locale_file_path.empty() for locale 
[0512/170018.789:WARNING:resource_bundle.cc(466)] locale_file_path.empty() for locale 
[0512/170203.464:WARNING:resource_bundle.cc(466)] locale_file_path.empty() for locale 
[0512/170726.364:WARNING:resource_bundle.cc(466)] locale_file_path.empty() for locale 
[0512/170821.433:WARNING:resource_bundle.cc(466)] locale_file_path.empty() for locale 
[0512/171128.498:WARNING:resource_bundle.cc(466)] locale_file_path.empty() for locale 
[0512/171146.686:WARNING:resource_bundle.cc(466)] locale_file_path.empty() for locale 
[0512/171218.157:WARNING:resource_bundle.cc(466)] locale_file_path.empty() for locale 
[0512/171319.972:WARNING:resource_bundle.cc(466)] locale_file_path.empty() for locale 
[0512/171738.983:WARNING:resource_bundle.cc(466)] locale_file_path.empty() for locale 
[0512/171943.298:WARNING:resource_bundle.cc(466)] locale_file_path.empty() for locale 
[0512/172315.198:WARNING:resource_bundle.cc(466)] locale_file_path.empty() for locale 
[0512/172410.276:WARNING:resource_bundle.cc(466)] locale_file_path.empty() for locale 
[0512/172824.987:WARNING:resource_bundle.cc(466)] locale_file_path.empty() for locale 
[0512/172916.976:WARNING:resource_bundle.cc(466)] locale_file_path.empty() for locale 
[0512/173230.504:WARNING:resource_bundle.cc(466)] locale_file_path.empty() for locale 
[0512/173727.428:WARNING:resource_bundle.cc(466)] locale_file_path.empty() for locale 
[0512/173915.722:WARNING:resource_bundle.cc(466)] locale_file_path.empty() for locale 
[0512/174008.582:WARNING:resource_bundle.cc(466)] locale_file_path.empty() for locale 
[0512/174117.483:WARNING:resource_bundle.cc(466)] locale_file_path.empty() for locale 
[0512/175637.450:WARNING:resource_bundle.cc(466)] locale_file_path.empty() for locale 
[0512/175637.703:WARNING:resource_bundle.cc(466)] locale_file_path.empty() for locale 
[0512/180102.402:WARNING:resource_bundle.cc(466)] locale_file_path.empty() for locale 
[0512/181419.102:WARNING:resource_bundle.cc(466)] locale_file_path.empty() for locale 
[0512/181737.372:WARNING:resource_bundle.cc(466)] locale_file_path.empty() for locale 
[0512/181823.704:WARNING:resource_bundle.cc(466)] locale_file_path.empty() for locale 
[0512/202759.637:WARNING:resource_bundle.cc(466)] locale_file_path.empty() for locale 
[0512/202837.677:WARNING:resource_bundle.cc(466)] locale_file_path.empty() for locale 
[0512/202939.600:WARNING:resource_bundle.cc(466)] locale_file_path.empty() for locale 
[0512/203124.146:WARNING:resource_bundle.cc(466)] locale_file_path.empty() for locale 
[0512/203132.555:WARNING:resource_bundle.cc(466)] locale_file_path.empty() for locale 
[0512/203533.144:WARNING:resource_bundle.cc(466)] locale_file_path.empty() for locale 
[0512/203603.123:WARNING:resource_bundle.cc(466)] locale_file_path.empty() for locale 
[0512/203642.619:WARNING:resource_bundle.cc(466)] locale_file_path.empty() for locale 
[0512/203713.690:WARNING:resource_bundle.cc(466)] locale_file_path.empty() for locale 
[0512/204026.379:WARNING:resource_bundle.cc(466)] locale_file_path.empty() for locale 
[0512/204044.043:WARNING:resource_bundle.cc(466)] locale_file_path.empty() for locale 
[0512/204048.142:WARNING:resource_bundle.cc(466)] locale_file_path.empty() for locale 
[0512/204117.269:WARNING:resource_bundle.cc(466)] locale_file_path.empty() for locale 
[0512/204128.097:WARNING:resource_bundle.cc(466)] locale_file_path.empty() for locale 
[0512/205113.176:WARNING:resource_bundle.cc(466)] locale_file_path.empty() for locale 
[0512/205321.348:WARNING:resource_bundle.cc(466)] locale_file_path.empty() for locale 
[0512/205744.257:WARNING:resource_bundle.cc(466)] locale_file_path.empty() for locale 
[0512/205843.403:WARNING:resource_bundle.cc(466)] locale_file_path.empty() for locale 
[0512/205934.887:WARNING:resource_bundle.cc(466)] locale_file_path.empty() for locale 
[0512/205951.553:WARNING:resource_bundle.cc(466)] locale_file_path.empty() for locale 
[0512/210024.711:WARNING:resource_bundle.cc(466)] locale_file_path.empty() for locale 
[0512/210204.150:WARNING:resource_bundle.cc(466)] locale_file_path.empty() for locale 
[0512/210215.462:WARNING:resource_bundle.cc(466)] locale_file_path.empty() for locale 
[0512/210240.344:WARNING:resource_bundle.cc(466)] locale_file_path.empty() for locale 
[0512/210309.855:WARNING:resource_bundle.cc(466)] locale_file_path.empty() for locale 
[0512/210726.163:WARNING:resource_bundle.cc(466)] locale_file_path.empty() for locale 
[0512/210737.059:WARNING:resource_bundle.cc(466)] locale_file_path.empty() for locale 
[0512/210825.243:WARNING:resource_bundle.cc(466)] locale_file_path.empty() for locale 
[0512/211155.033:WARNING:resource_bundle.cc(466)] locale_file_path.empty() for locale 
[0512/211202.723:WARNING:resource_bundle.cc(466)] locale_file_path.empty() for locale 
[0512/211219.274:WARNING:resource_bundle.cc(466)] locale_file_path.empty() for locale 
[0512/211317.177:WARNING:resource_bundle.cc(466)] locale_file_path.empty() for locale 
[0512/211410.246:WARNING:resource_bundle.cc(466)] locale_file_path.empty() for locale 
[0512/211504.622:WARNING:resource_bundle.cc(466)] locale_file_path.empty() for locale 
[0512/211611.647:WARNING:resource_bundle.cc(466)] locale_file_path.empty() for locale 
[0512/211716.741:WARNING:resource_bundle.cc(466)] locale_file_path.empty() for locale 
[0512/212558.570:WARNING:resource_bundle.cc(466)] locale_file_path.empty() for locale 
[0512/212610.504:WARNING:resource_bundle.cc(466)] locale_file_path.empty() for locale 
[0512/212753.709:WARNING:resource_bundle.cc(466)] locale_file_path.empty() for locale 
[0512/212811.620:WARNING:resource_bundle.cc(466)] locale_file_path.empty() for locale 
[0513/161723.964:WARNING:resource_bundle.cc(466)] locale_file_path.empty() for locale 
[0513/162020.776:WARNING:resource_bundle.cc(466)] locale_file_path.empty() for locale 
[0513/162120.857:WARNING:resource_bundle.cc(466)] locale_file_path.empty() for locale 
[0513/162251.916:WARNING:resource_bundle.cc(466)] locale_file_path.empty() for locale 
[0513/162300.966:WARNING:resource_bundle.cc(466)] locale_file_path.empty() for locale 
[0513/163236.615:WARNING:resource_bundle.cc(466)] locale_file_path.empty() for locale 
[0513/164034.112:WARNING:resource_bundle.cc(466)] locale_file_path.empty() for locale 
[0513/164152.258:WARNING:resource_bundle.cc(466)] locale_file_path.empty() for locale 
[0513/164553.963:WARNING:resource_bundle.cc(466)] locale_file_path.empty() for locale 
[0513/164622.954:WARNING:resource_bundle.cc(466)] locale_file_path.empty() for locale 
[0513/165113.327:WARNING:resource_bundle.cc(466)] locale_file_path.empty() for locale 
[0513/165134.174:WARNING:resource_bundle.cc(466)] locale_file_path.empty() for locale 
[0513/165406.183:WARNING:resource_bundle.cc(466)] locale_file_path.empty() for locale 
[0513/165813.132:WARNING:resource_bundle.cc(466)] locale_file_path.empty() for locale 
[0513/165954.635:WARNING:resource_bundle.cc(466)] locale_file_path.empty() for locale 
[0513/170129.626:WARNING:resource_bundle.cc(466)] locale_file_path.empty() for locale 
[0513/170221.247:WARNING:resource_bundle.cc(466)] locale_file_path.empty() for locale 
[0513/170405.240:WARNING:resource_bundle.cc(466)] locale_file_path.empty() for locale 
[0513/170423.179:WARNING:resource_bundle.cc(466)] locale_file_path.empty() for locale 
[0513/200200.928:WARNING:resource_bundle.cc(466)] locale_file_path.empty() for locale 
[0513/200624.664:WARNING:resource_bundle.cc(466)] locale_file_path.empty() for locale 
[0513/200805.477:WARNING:resource_bundle.cc(466)] locale_file_path.empty() for locale 
[0513/201006.927:WARNING:resource_bundle.cc(466)] locale_file_path.empty() for locale 
[0513/201040.783:WARNING:resource_bundle.cc(466)] locale_file_path.empty() for locale 
[0513/201742.406:WARNING:resource_bundle.cc(466)] locale_file_path.empty() for locale 
[0513/202122.107:WARNING:resource_bundle.cc(466)] locale_file_path.empty() for locale 
[0513/231839.339:WARNING:resource_bundle.cc(466)] locale_file_path.empty() for locale 
[0513/232442.249:WARNING:resource_bundle.cc(466)] locale_file_path.empty() for locale 
[0513/232520.925:WARNING:resource_bundle.cc(466)] locale_file_path.empty() for locale 
[0513/232629.260:WARNING:resource_bundle.cc(466)] locale_file_path.empty() for locale 
[0513/232845.545:WARNING:resource_bundle.cc(466)] locale_file_path.empty() for locale 
[0513/232918.219:WARNING:resource_bundle.cc(466)] locale_file_path.empty() for locale 
[0513/233059.980:WARNING:resource_bundle.cc(466)] locale_file_path.empty() for locale 
[0513/233236.666:WARNING:resource_bundle.cc(466)] locale_file_path.empty() for locale 
[0514/125936.152:WARNING:resource_bundle.cc(466)] locale_file_path.empty() for locale 
[0514/142313.316:WARNING:resource_bundle.cc(466)] locale_file_path.empty() for locale 
[0514/142353.719:WARNING:resource_bundle.cc(466)] locale_file_path.empty() for locale 
[0514/142820.351:WARNING:resource_bundle.cc(466)] locale_file_path.empty() for locale 
[0514/153112.589:WARNING:dns_config_service_win.cc(605)] Failed to read DnsConfig.
[0514/153112.678:WARNING:dns_config_service_win.cc(605)] Failed to read DnsConfig.
[0514/154106.476:WARNING:resource_bundle.cc(466)] locale_file_path.empty() for locale 
[0514/154434.344:WARNING:resource_bundle.cc(466)] locale_file_path.empty() for locale 
[0514/155610.951:WARNING:resource_bundle.cc(466)] locale_file_path.empty() for locale 
[0514/160517.426:WARNING:resource_bundle.cc(466)] locale_file_path.empty() for locale 
[0514/160543.682:WARNING:resource_bundle.cc(466)] locale_file_path.empty() for locale 
[0514/160617.656:WARNING:resource_bundle.cc(466)] locale_file_path.empty() for locale 
[0514/160851.350:WARNING:resource_bundle.cc(466)] locale_file_path.empty() for locale 
[0514/160851.365:WARNING:resource_bundle.cc(466)] locale_file_path.empty() for locale 
[0514/160851.412:WARNING:resource_bundle.cc(466)] locale_file_path.empty() for locale 
[0514/172312.260:WARNING:resource_bundle.cc(466)] locale_file_path.empty() for locale 
[0514/172442.081:WARNING:resource_bundle.cc(466)] locale_file_path.empty() for locale 
[0514/172600.070:WARNING:resource_bundle.cc(466)] locale_file_path.empty() for locale 
[0514/172946.832:WARNING:resource_bundle.cc(466)] locale_file_path.empty() for locale 
[0514/172946.848:WARNING:resource_bundle.cc(466)] locale_file_path.empty() for locale 
[0514/172946.926:WARNING:resource_bundle.cc(466)] locale_file_path.empty() for locale 
[0514/173831.791:WARNING:resource_bundle.cc(466)] locale_file_path.empty() for locale 
[0514/174106.408:WARNING:resource_bundle.cc(466)] locale_file_path.empty() for locale 
[0514/174951.883:WARNING:resource_bundle.cc(466)] locale_file_path.empty() for locale 
[0514/175024.244:WARNING:resource_bundle.cc(466)] locale_file_path.empty() for locale 
[0514/175024.337:WARNING:resource_bundle.cc(466)] locale_file_path.empty() for locale 
[0514/175024.337:WARNING:resource_bundle.cc(466)] locale_file_path.empty() for locale 
[0514/175757.222:WARNING:resource_bundle.cc(466)] locale_file_path.empty() for locale 
[0514/175825.541:WARNING:resource_bundle.cc(466)] locale_file_path.empty() for locale 
[0514/175842.389:WARNING:resource_bundle.cc(466)] locale_file_path.empty() for locale 
[0514/181839.744:WARNING:resource_bundle.cc(466)] locale_file_path.empty() for locale 
[0514/181844.015:WARNING:resource_bundle.cc(466)] locale_file_path.empty() for locale 
[0514/183536.087:WARNING:resource_bundle.cc(466)] locale_file_path.empty() for locale 
[0514/183541.004:WARNING:resource_bundle.cc(466)] locale_file_path.empty() for locale 
[0514/183701.770:WARNING:resource_bundle.cc(466)] locale_file_path.empty() for locale 
[0514/183709.297:WARNING:resource_bundle.cc(466)] locale_file_path.empty() for locale 
[0514/183922.555:WARNING:resource_bundle.cc(466)] locale_file_path.empty() for locale 
[0514/183937.924:WARNING:resource_bundle.cc(466)] locale_file_path.empty() for locale 
[0514/183938.544:WARNING:resource_bundle.cc(466)] locale_file_path.empty() for locale 
[0514/184408.909:WARNING:resource_bundle.cc(466)] locale_file_path.empty() for locale 
[0514/184507.285:WARNING:resource_bundle.cc(466)] locale_file_path.empty() for locale 
[0514/184732.790:WARNING:resource_bundle.cc(466)] locale_file_path.empty() for locale 
[0514/184754.962:WARNING:resource_bundle.cc(466)] locale_file_path.empty() for locale 
[0514/184808.284:WARNING:resource_bundle.cc(466)] locale_file_path.empty() for locale 
[0514/184817.914:WARNING:resource_bundle.cc(466)] locale_file_path.empty() for locale 
[0514/185021.430:WARNING:resource_bundle.cc(466)] locale_file_path.empty() for locale 
[0514/185126.285:WARNING:resource_bundle.cc(466)] locale_file_path.empty() for locale 
[0514/185147.823:WARNING:resource_bundle.cc(466)] locale_file_path.empty() for locale 
[0514/185148.300:WARNING:resource_bundle.cc(466)] locale_file_path.empty() for locale 
[0514/191927.202:WARNING:resource_bundle.cc(466)] locale_file_path.empty() for locale 
[0514/192245.813:WARNING:resource_bundle.cc(466)] locale_file_path.empty() for locale 
[0514/192410.390:WARNING:resource_bundle.cc(466)] locale_file_path.empty() for locale 
[0514/192542.421:WARNING:resource_bundle.cc(466)] locale_file_path.empty() for locale 
[0514/192908.376:WARNING:resource_bundle.cc(466)] locale_file_path.empty() for locale 
[0514/195307.401:WARNING:resource_bundle.cc(466)] locale_file_path.empty() for locale 
[0514/195349.761:WARNING:resource_bundle.cc(466)] locale_file_path.empty() for locale 
[0514/195445.144:WARNING:resource_bundle.cc(466)] locale_file_path.empty() for locale 
[0514/195720.414:WARNING:resource_bundle.cc(466)] locale_file_path.empty() for locale 
[0514/195955.372:WARNING:resource_bundle.cc(466)] locale_file_path.empty() for locale 
[0514/200227.595:WARNING:resource_bundle.cc(466)] locale_file_path.empty() for locale 
[0514/210426.885:WARNING:resource_bundle.cc(466)] locale_file_path.empty() for locale 
[0514/210453.493:WARNING:resource_bundle.cc(466)] locale_file_path.empty() for locale 
[0514/210456.055:WARNING:resource_bundle.cc(466)] locale_file_path.empty() for locale 
[0515/092110.789:WARNING:resource_bundle.cc(466)] locale_file_path.empty() for locale 
[0515/092110.804:WARNING:dns_config_service_win.cc(605)] Failed to read DnsConfig.
[0515/092256.078:WARNING:resource_bundle.cc(466)] locale_file_path.empty() for locale 
[0515/092256.090:WARNING:dns_config_service_win.cc(605)] Failed to read DnsConfig.
[0515/093507.390:WARNING:resource_bundle.cc(466)] locale_file_path.empty() for locale 
[0515/093507.409:WARNING:dns_config_service_win.cc(605)] Failed to read DnsConfig.
[0515/094249.328:WARNING:resource_bundle.cc(466)] locale_file_path.empty() for locale 
[0515/094249.348:WARNING:dns_config_service_win.cc(605)] Failed to read DnsConfig.
[0515/094444.194:WARNING:resource_bundle.cc(466)] locale_file_path.empty() for locale 
[0515/094502.721:WARNING:resource_bundle.cc(466)] locale_file_path.empty() for locale 
[0515/094503.273:WARNING:resource_bundle.cc(466)] locale_file_path.empty() for locale 
[0515/200226.276:WARNING:resource_bundle.cc(466)] locale_file_path.empty() for locale 
[0515/200231.931:WARNING:resource_bundle.cc(466)] locale_file_path.empty() for locale 
[0515/200359.906:WARNING:resource_bundle.cc(466)] locale_file_path.empty() for locale 
[0515/200417.420:WARNING:resource_bundle.cc(466)] locale_file_path.empty() for locale 
[0515/200946.821:WARNING:resource_bundle.cc(466)] locale_file_path.empty() for locale 
[0515/201000.680:WARNING:resource_bundle.cc(466)] locale_file_path.empty() for locale 
[0515/201745.446:WARNING:resource_bundle.cc(466)] locale_file_path.empty() for locale 
[0515/201746.663:WARNING:resource_bundle.cc(466)] locale_file_path.empty() for locale 
[0515/202006.659:WARNING:resource_bundle.cc(466)] locale_file_path.empty() for locale 
[0515/202007.558:WARNING:resource_bundle.cc(466)] locale_file_path.empty() for locale 
[0515/203326.344:WARNING:resource_bundle.cc(466)] locale_file_path.empty() for locale 
[0515/203327.465:WARNING:resource_bundle.cc(466)] locale_file_path.empty() for locale 
[0515/204640.130:WARNING:resource_bundle.cc(466)] locale_file_path.empty() for locale 
[0515/204641.077:WARNING:resource_bundle.cc(466)] locale_file_path.empty() for locale 
[0515/205156.946:WARNING:resource_bundle.cc(466)] locale_file_path.empty() for locale 
[0515/205157.968:WARNING:resource_bundle.cc(466)] locale_file_path.empty() for locale 
[0515/205332.118:WARNING:resource_bundle.cc(466)] locale_file_path.empty() for locale 
[0515/205333.166:WARNING:resource_bundle.cc(466)] locale_file_path.empty() for locale 
[0515/210915.732:WARNING:resource_bundle.cc(466)] locale_file_path.empty() for locale 
[0515/210916.489:WARNING:resource_bundle.cc(466)] locale_file_path.empty() for locale 
[0515/212622.569:WARNING:resource_bundle.cc(466)] locale_file_path.empty() for locale 
[0515/212623.297:WARNING:resource_bundle.cc(466)] locale_file_path.empty() for locale 
[0515/213008.107:WARNING:resource_bundle.cc(466)] locale_file_path.empty() for locale 
[0515/213009.190:WARNING:resource_bundle.cc(466)] locale_file_path.empty() for locale 
[0516/074049.523:WARNING:resource_bundle.cc(466)] locale_file_path.empty() for locale 
[0516/171653.982:WARNING:resource_bundle.cc(466)] locale_file_path.empty() for locale 
[0516/171655.344:WARNING:resource_bundle.cc(466)] locale_file_path.empty() for locale 
[0516/171719.659:WARNING:resource_bundle.cc(466)] locale_file_path.empty() for locale 
[0516/171720.322:WARNING:resource_bundle.cc(466)] locale_file_path.empty() for locale 
[0516/171747.760:WARNING:resource_bundle.cc(466)] locale_file_path.empty() for locale 
[0516/171748.370:WARNING:resource_bundle.cc(466)] locale_file_path.empty() for locale 
[0516/171831.303:WARNING:resource_bundle.cc(466)] locale_file_path.empty() for locale 
[0516/171832.113:WARNING:resource_bundle.cc(466)] locale_file_path.empty() for locale 
[0516/172020.779:WARNING:resource_bundle.cc(466)] locale_file_path.empty() for locale 
[0516/172021.519:WARNING:resource_bundle.cc(466)] locale_file_path.empty() for locale 
[0516/172131.740:WARNING:resource_bundle.cc(466)] locale_file_path.empty() for locale 
[0516/172132.541:WARNING:resource_bundle.cc(466)] locale_file_path.empty() for locale 
[0516/205853.023:WARNING:resource_bundle.cc(466)] locale_file_path.empty() for locale 
[0516/205902.485:WARNING:resource_bundle.cc(466)] locale_file_path.empty() for locale 
[0516/205947.275:WARNING:resource_bundle.cc(466)] locale_file_path.empty() for locale 
[0516/210042.650:WARNING:resource_bundle.cc(466)] locale_file_path.empty() for locale 
[0516/210236.077:WARNING:resource_bundle.cc(466)] locale_file_path.empty() for locale 
[0516/214859.042:WARNING:resource_bundle.cc(466)] locale_file_path.empty() for locale 
[0516/215226.342:WARNING:resource_bundle.cc(466)] locale_file_path.empty() for locale 
[0517/204721.028:WARNING:resource_bundle.cc(466)] locale_file_path.empty() for locale 
[0517/204857.579:WARNING:resource_bundle.cc(466)] locale_file_path.empty() for locale 
[0517/205118.293:WARNING:resource_bundle.cc(466)] locale_file_path.empty() for locale 
[0517/205129.775:WARNING:resource_bundle.cc(466)] locale_file_path.empty() for locale 
[0518/110845.498:WARNING:resource_bundle.cc(466)] locale_file_path.empty() for locale 
[0518/111113.598:WARNING:resource_bundle.cc(466)] locale_file_path.empty() for locale 
[0518/111116.420:WARNING:resource_bundle.cc(466)] locale_file_path.empty() for locale 
[0518/111605.210:WARNING:resource_bundle.cc(466)] locale_file_path.empty() for locale 
[0518/153928.679:WARNING:resource_bundle.cc(466)] locale_file_path.empty() for locale 
[0519/070550.209:WARNING:resource_bundle.cc(466)] locale_file_path.empty() for locale 
[0519/072420.956:WARNING:resource_bundle.cc(466)] locale_file_path.empty() for locale 
[0519/072439.592:WARNING:resource_bundle.cc(466)] locale_file_path.empty() for locale 
[0519/083503.756:WARNING:resource_bundle.cc(466)] locale_file_path.empty() for locale 
[0519/083715.792:WARNING:resource_bundle.cc(466)] locale_file_path.empty() for locale 
[0519/084037.844:WARNING:resource_bundle.cc(466)] locale_file_path.empty() for locale 
[0519/084850.097:WARNING:resource_bundle.cc(466)] locale_file_path.empty() for locale 
[0519/085105.618:WARNING:resource_bundle.cc(466)] locale_file_path.empty() for locale 
[0519/085458.241:WARNING:resource_bundle.cc(466)] locale_file_path.empty() for locale 
[0519/153620.763:WARNING:resource_bundle.cc(466)] locale_file_path.empty() for locale 
[0519/153646.886:WARNING:resource_bundle.cc(466)] locale_file_path.empty() for locale 
[0519/153714.165:WARNING:resource_bundle.cc(466)] locale_file_path.empty() for locale 
[0519/154803.647:WARNING:resource_bundle.cc(466)] locale_file_path.empty() for locale 
[0519/154841.641:WARNING:resource_bundle.cc(466)] locale_file_path.empty() for locale 
[0519/154851.736:WARNING:resource_bundle.cc(466)] locale_file_path.empty() for locale 
[0519/154936.781:WARNING:resource_bundle.cc(466)] locale_file_path.empty() for locale 
[0519/155339.853:WARNING:resource_bundle.cc(466)] locale_file_path.empty() for locale 
[0519/161724.558:WARNING:resource_bundle.cc(466)] locale_file_path.empty() for locale 
[0519/162404.441:WARNING:resource_bundle.cc(466)] locale_file_path.empty() for locale 
[0519/164327.999:WARNING:resource_bundle.cc(466)] locale_file_path.empty() for locale 
[0519/164633.699:WARNING:resource_bundle.cc(466)] locale_file_path.empty() for locale 
[0519/165247.957:WARNING:resource_bundle.cc(466)] locale_file_path.empty() for locale 
[0520/101737.481:WARNING:resource_bundle.cc(466)] locale_file_path.empty() for locale 
[0520/102017.036:WARNING:resource_bundle.cc(466)] locale_file_path.empty() for locale 
[0520/102114.749:WARNING:resource_bundle.cc(466)] locale_file_path.empty() for locale 
[0520/102219.138:WARNING:resource_bundle.cc(466)] locale_file_path.empty() for locale 
[0520/102403.651:WARNING:resource_bundle.cc(466)] locale_file_path.empty() for locale 
[0520/102600.770:WARNING:resource_bundle.cc(466)] locale_file_path.empty() for locale 
[0520/103957.130:WARNING:resource_bundle.cc(466)] locale_file_path.empty() for locale 
[0520/104354.869:WARNING:resource_bundle.cc(466)] locale_file_path.empty() for locale 
[0520/104427.244:WARNING:resource_bundle.cc(466)] locale_file_path.empty() for locale 
[0520/104628.633:WARNING:resource_bundle.cc(466)] locale_file_path.empty() for locale 
[0520/104734.962:WARNING:resource_bundle.cc(466)] locale_file_path.empty() for locale 
[0520/104840.308:WARNING:resource_bundle.cc(466)] locale_file_path.empty() for locale 
[0520/105009.379:WARNING:resource_bundle.cc(466)] locale_file_path.empty() for locale 
[0520/105030.644:WARNING:resource_bundle.cc(466)] locale_file_path.empty() for locale 
[0520/105248.830:WARNING:resource_bundle.cc(466)] locale_file_path.empty() for locale 
[0520/105540.791:WARNING:resource_bundle.cc(466)] locale_file_path.empty() for locale 
[0520/105819.970:WARNING:resource_bundle.cc(466)] locale_file_path.empty() for locale 
[0520/105838.772:WARNING:resource_bundle.cc(466)] locale_file_path.empty() for locale 
[0520/105930.169:WARNING:resource_bundle.cc(466)] locale_file_path.empty() for locale 
[0520/110112.967:WARNING:resource_bundle.cc(466)] locale_file_path.empty() for locale 
[0520/110959.606:WARNING:resource_bundle.cc(466)] locale_file_path.empty() for locale 
[0520/111011.463:WARNING:resource_bundle.cc(466)] locale_file_path.empty() for locale 
[0520/111536.408:WARNING:resource_bundle.cc(466)] locale_file_path.empty() for locale 
[0520/111812.674:WARNING:resource_bundle.cc(466)] locale_file_path.empty() for locale 
[0520/111840.235:WARNING:resource_bundle.cc(466)] locale_file_path.empty() for locale 
[0520/112016.398:WARNING:resource_bundle.cc(466)] locale_file_path.empty() for locale 
[0520/112239.371:WARNING:resource_bundle.cc(466)] locale_file_path.empty() for locale 
[0520/112643.428:WARNING:resource_bundle.cc(466)] locale_file_path.empty() for locale 
[0520/113414.406:WARNING:resource_bundle.cc(466)] locale_file_path.empty() for locale 
[0520/214419.693:WARNING:resource_bundle.cc(466)] locale_file_path.empty() for locale 
[0520/214702.397:WARNING:resource_bundle.cc(466)] locale_file_path.empty() for locale 
[0520/215341.120:WARNING:resource_bundle.cc(466)] locale_file_path.empty() for locale 
[0520/215407.000:WARNING:resource_bundle.cc(466)] locale_file_path.empty() for locale 
[0520/215519.820:WARNING:resource_bundle.cc(466)] locale_file_path.empty() for locale 
[0520/215626.867:WARNING:resource_bundle.cc(466)] locale_file_path.empty() for locale 
[0520/220131.814:WARNING:resource_bundle.cc(466)] locale_file_path.empty() for locale 
[0520/220301.933:WARNING:resource_bundle.cc(466)] locale_file_path.empty() for locale 
[0520/220439.685:WARNING:resource_bundle.cc(466)] locale_file_path.empty() for locale 
[0520/220639.253:WARNING:resource_bundle.cc(466)] locale_file_path.empty() for locale 
[0520/221110.841:WARNING:resource_bundle.cc(466)] locale_file_path.empty() for locale 
[0520/221134.690:WARNING:resource_bundle.cc(466)] locale_file_path.empty() for locale 
[0520/221237.428:WARNING:resource_bundle.cc(466)] locale_file_path.empty() for locale 
[0520/221304.524:WARNING:resource_bundle.cc(466)] locale_file_path.empty() for locale 
[0520/221346.549:WARNING:resource_bundle.cc(466)] locale_file_path.empty() for locale 
[0520/221513.596:WARNING:resource_bundle.cc(466)] locale_file_path.empty() for locale 
[0520/221616.463:WARNING:resource_bundle.cc(466)] locale_file_path.empty() for locale 
[0520/221706.383:WARNING:resource_bundle.cc(466)] locale_file_path.empty() for locale 
[0520/221947.173:WARNING:resource_bundle.cc(466)] locale_file_path.empty() for locale 
[0520/222611.227:WARNING:resource_bundle.cc(466)] locale_file_path.empty() for locale 
[0520/223316.774:WARNING:resource_bundle.cc(466)] locale_file_path.empty() for locale 
[0520/223659.994:WARNING:resource_bundle.cc(466)] locale_file_path.empty() for locale 
[0520/223821.449:WARNING:resource_bundle.cc(466)] locale_file_path.empty() for locale 
[0520/223949.197:WARNING:resource_bundle.cc(466)] locale_file_path.empty() for locale 
[0520/224402.517:WARNING:resource_bundle.cc(466)] locale_file_path.empty() for locale 
[0521/101513.951:WARNING:resource_bundle.cc(466)] locale_file_path.empty() for locale 
[0521/101636.373:WARNING:resource_bundle.cc(466)] locale_file_path.empty() for locale 
[0521/103346.863:WARNING:resource_bundle.cc(466)] locale_file_path.empty() for locale 
[0521/103710.153:WARNING:resource_bundle.cc(466)] locale_file_path.empty() for locale 
[0521/103711.528:WARNING:resource_bundle.cc(466)] locale_file_path.empty() for locale 
[0521/103823.586:WARNING:resource_bundle.cc(466)] locale_file_path.empty() for locale 
[0521/103824.929:WARNING:resource_bundle.cc(466)] locale_file_path.empty() for locale 
[0521/105446.056:WARNING:resource_bundle.cc(466)] locale_file_path.empty() for locale 
[0521/105736.281:WARNING:resource_bundle.cc(466)] locale_file_path.empty() for locale 
[0521/110126.776:WARNING:resource_bundle.cc(466)] locale_file_path.empty() for locale 
[0521/110429.706:WARNING:resource_bundle.cc(466)] locale_file_path.empty() for locale 
[0521/110520.667:WARNING:resource_bundle.cc(466)] locale_file_path.empty() for locale 
[0521/110640.848:WARNING:resource_bundle.cc(466)] locale_file_path.empty() for locale 
[0521/110738.627:WARNING:resource_bundle.cc(466)] locale_file_path.empty() for locale 
[0521/110843.525:WARNING:resource_bundle.cc(466)] locale_file_path.empty() for locale 
[0521/111014.889:WARNING:resource_bundle.cc(466)] locale_file_path.empty() for locale 
[0521/111204.600:WARNING:resource_bundle.cc(466)] locale_file_path.empty() for locale 
[0521/111648.145:WARNING:resource_bundle.cc(466)] locale_file_path.empty() for locale 
[0521/112105.243:WARNING:resource_bundle.cc(466)] locale_file_path.empty() for locale 
[0521/112247.348:WARNING:resource_bundle.cc(466)] locale_file_path.empty() for locale 
[0521/112516.318:WARNING:resource_bundle.cc(466)] locale_file_path.empty() for locale 
[0521/113046.081:WARNING:resource_bundle.cc(466)] locale_file_path.empty() for locale 
[0521/113643.713:WARNING:resource_bundle.cc(466)] locale_file_path.empty() for locale 
[0521/114821.514:WARNING:resource_bundle.cc(466)] locale_file_path.empty() for locale 
[0521/114924.061:WARNING:resource_bundle.cc(466)] locale_file_path.empty() for locale 
[0521/114937.074:WARNING:resource_bundle.cc(466)] locale_file_path.empty() for locale 
[0521/114948.202:WARNING:resource_bundle.cc(466)] locale_file_path.empty() for locale 
[0521/114956.281:WARNING:resource_bundle.cc(466)] locale_file_path.empty() for locale 
[0522/144326.768:WARNING:resource_bundle.cc(466)] locale_file_path.empty() for locale 
[0522/144405.520:WARNING:resource_bundle.cc(466)] locale_file_path.empty() for locale 
[0522/144741.439:WARNING:resource_bundle.cc(466)] locale_file_path.empty() for locale 
[0522/144742.332:WARNING:resource_bundle.cc(466)] locale_file_path.empty() for locale 
[0522/144840.503:WARNING:resource_bundle.cc(466)] locale_file_path.empty() for locale 
[0522/144841.446:WARNING:resource_bundle.cc(466)] locale_file_path.empty() for locale 
[0522/190821.239:WARNING:resource_bundle.cc(466)] locale_file_path.empty() for locale 
[0522/190822.873:WARNING:resource_bundle.cc(466)] locale_file_path.empty() for locale 
[0522/191120.296:WARNING:resource_bundle.cc(466)] locale_file_path.empty() for locale 
[0522/191122.057:WARNING:resource_bundle.cc(466)] locale_file_path.empty() for locale 
[0522/191443.943:WARNING:resource_bundle.cc(466)] locale_file_path.empty() for locale 
[0522/191445.775:WARNING:resource_bundle.cc(466)] locale_file_path.empty() for locale 
[0522/193254.176:WARNING:resource_bundle.cc(466)] locale_file_path.empty() for locale 
[0522/193255.991:WARNING:resource_bundle.cc(466)] locale_file_path.empty() for locale 
[0522/193537.134:WARNING:resource_bundle.cc(466)] locale_file_path.empty() for locale 
[0522/193538.121:WARNING:resource_bundle.cc(466)] locale_file_path.empty() for locale 
[0522/193851.104:WARNING:resource_bundle.cc(466)] locale_file_path.empty() for locale 
[0522/193852.082:WARNING:resource_bundle.cc(466)] locale_file_path.empty() for locale 
[0522/193958.277:WARNING:resource_bundle.cc(466)] locale_file_path.empty() for locale 
[0522/193959.318:WARNING:resource_bundle.cc(466)] locale_file_path.empty() for locale 
[0522/201621.857:WARNING:resource_bundle.cc(466)] locale_file_path.empty() for locale 
[0522/201622.952:WARNING:resource_bundle.cc(466)] locale_file_path.empty() for locale 
[0522/201851.903:WARNING:resource_bundle.cc(466)] locale_file_path.empty() for locale 
[0522/201852.871:WARNING:resource_bundle.cc(466)] locale_file_path.empty() for locale 
[0522/203606.605:WARNING:resource_bundle.cc(466)] locale_file_path.empty() for locale 
[0522/203607.463:WARNING:resource_bundle.cc(466)] locale_file_path.empty() for locale 
[0522/203713.687:WARNING:resource_bundle.cc(466)] locale_file_path.empty() for locale 
[0522/203714.676:WARNING:resource_bundle.cc(466)] locale_file_path.empty() for locale 
[0522/203816.800:WARNING:resource_bundle.cc(466)] locale_file_path.empty() for locale 
[0522/203817.777:WARNING:resource_bundle.cc(466)] locale_file_path.empty() for locale 
[0522/204120.642:WARNING:resource_bundle.cc(466)] locale_file_path.empty() for locale 
[0522/204121.652:WARNING:resource_bundle.cc(466)] locale_file_path.empty() for locale 
[0523/102134.182:WARNING:resource_bundle.cc(466)] locale_file_path.empty() for locale 
[0523/102134.937:WARNING:resource_bundle.cc(466)] locale_file_path.empty() for locale 
[0523/102942.916:WARNING:resource_bundle.cc(466)] locale_file_path.empty() for locale 
[0523/102943.766:WARNING:resource_bundle.cc(466)] locale_file_path.empty() for locale 
[0523/103018.113:WARNING:resource_bundle.cc(466)] locale_file_path.empty() for locale 
[0523/103019.008:WARNING:resource_bundle.cc(466)] locale_file_path.empty() for locale 
[0523/103312.591:WARNING:resource_bundle.cc(466)] locale_file_path.empty() for locale 
[0523/103313.540:WARNING:resource_bundle.cc(466)] locale_file_path.empty() for locale 
[0523/103714.001:WARNING:resource_bundle.cc(466)] locale_file_path.empty() for locale 
[0523/103714.748:WARNING:resource_bundle.cc(466)] locale_file_path.empty() for locale 
[0523/104035.233:WARNING:resource_bundle.cc(466)] locale_file_path.empty() for locale 
[0523/104036.074:WARNING:resource_bundle.cc(466)] locale_file_path.empty() for locale 
[0523/104356.137:WARNING:resource_bundle.cc(466)] locale_file_path.empty() for locale 
[0523/104357.032:WARNING:resource_bundle.cc(466)] locale_file_path.empty() for locale 
[0523/104731.160:WARNING:resource_bundle.cc(466)] locale_file_path.empty() for locale 
[0523/104732.053:WARNING:resource_bundle.cc(466)] locale_file_path.empty() for locale 
[0523/105344.574:WARNING:resource_bundle.cc(466)] locale_file_path.empty() for locale 
[0523/105345.687:WARNING:resource_bundle.cc(466)] locale_file_path.empty() for locale 
[0523/110343.166:WARNING:resource_bundle.cc(466)] locale_file_path.empty() for locale 
[0523/110344.212:WARNING:resource_bundle.cc(466)] locale_file_path.empty() for locale 
[0523/114153.122:WARNING:resource_bundle.cc(466)] locale_file_path.empty() for locale 
[0523/114154.883:WARNING:resource_bundle.cc(466)] locale_file_path.empty() for locale 
[0523/114627.620:WARNING:resource_bundle.cc(466)] locale_file_path.empty() for locale 
[0523/114628.902:WARNING:resource_bundle.cc(466)] locale_file_path.empty() for locale 
[0523/114817.300:WARNING:resource_bundle.cc(466)] locale_file_path.empty() for locale 
[0523/114818.317:WARNING:resource_bundle.cc(466)] locale_file_path.empty() for locale 
[0523/114825.773:WARNING:resource_bundle.cc(466)] locale_file_path.empty() for locale 
[0523/114826.829:WARNING:resource_bundle.cc(466)] locale_file_path.empty() for locale 
[0523/114829.869:WARNING:resource_bundle.cc(466)] locale_file_path.empty() for locale 
[0523/114830.903:WARNING:resource_bundle.cc(466)] locale_file_path.empty() for locale 
[0523/115041.045:WARNING:resource_bundle.cc(466)] locale_file_path.empty() for locale 
[0523/115057.430:WARNING:resource_bundle.cc(466)] locale_file_path.empty() for locale 
[0523/115544.951:WARNING:resource_bundle.cc(466)] locale_file_path.empty() for locale 
[0523/115545.844:WARNING:resource_bundle.cc(466)] locale_file_path.empty() for locale 
[0523/115729.517:WARNING:resource_bundle.cc(466)] locale_file_path.empty() for locale 
[0523/115730.464:WARNING:resource_bundle.cc(466)] locale_file_path.empty() for locale 
[0523/115839.145:WARNING:resource_bundle.cc(466)] locale_file_path.empty() for locale 
[0523/115840.093:WARNING:resource_bundle.cc(466)] locale_file_path.empty() for locale 
[0523/115902.534:WARNING:resource_bundle.cc(466)] locale_file_path.empty() for locale 
[0523/115917.778:WARNING:resource_bundle.cc(466)] locale_file_path.empty() for locale 
[0523/192455.049:WARNING:resource_bundle.cc(466)] locale_file_path.empty() for locale 
[0523/192456.728:WARNING:resource_bundle.cc(466)] locale_file_path.empty() for locale 
[0523/220822.808:WARNING:resource_bundle.cc(466)] locale_file_path.empty() for locale 
[0524/112756.250:WARNING:resource_bundle.cc(466)] locale_file_path.empty() for locale 
[0524/113000.626:WARNING:resource_bundle.cc(466)] locale_file_path.empty() for locale 
[0524/113024.678:WARNING:resource_bundle.cc(466)] locale_file_path.empty() for locale 
[0524/113116.460:WARNING:resource_bundle.cc(466)] locale_file_path.empty() for locale 
[0524/113317.598:WARNING:resource_bundle.cc(466)] locale_file_path.empty() for locale 
[0524/113709.984:WARNING:resource_bundle.cc(466)] locale_file_path.empty() for locale 
[0524/114702.394:WARNING:resource_bundle.cc(466)] locale_file_path.empty() for locale 
[0524/114710.984:WARNING:resource_bundle.cc(466)] locale_file_path.empty() for locale 
[0524/114723.721:WARNING:resource_bundle.cc(466)] locale_file_path.empty() for locale 
[0524/115011.594:WARNING:resource_bundle.cc(466)] locale_file_path.empty() for locale 
[0524/115015.190:WARNING:resource_bundle.cc(466)] locale_file_path.empty() for locale 
[0524/163426.572:WARNING:resource_bundle.cc(466)] locale_file_path.empty() for locale 
[0524/163827.461:WARNING:resource_bundle.cc(466)] locale_file_path.empty() for locale 
[0524/164136.308:WARNING:resource_bundle.cc(466)] locale_file_path.empty() for locale 
[0524/164215.734:WARNING:resource_bundle.cc(466)] locale_file_path.empty() for locale 
[0524/164515.990:WARNING:resource_bundle.cc(466)] locale_file_path.empty() for locale 
[0524/164546.141:WARNING:resource_bundle.cc(466)] locale_file_path.empty() for locale 
[0524/165334.700:WARNING:resource_bundle.cc(466)] locale_file_path.empty() for locale 
[0524/165608.126:WARNING:resource_bundle.cc(466)] locale_file_path.empty() for locale 
[0524/165752.493:WARNING:resource_bundle.cc(466)] locale_file_path.empty() for locale 
[0524/165903.562:WARNING:resource_bundle.cc(466)] locale_file_path.empty() for locale 
[0524/170219.212:WARNING:resource_bundle.cc(466)] locale_file_path.empty() for locale 
[0524/170310.398:WARNING:resource_bundle.cc(466)] locale_file_path.empty() for locale 
[0524/171027.669:WARNING:resource_bundle.cc(466)] locale_file_path.empty() for locale 
[0524/190409.183:WARNING:resource_bundle.cc(466)] locale_file_path.empty() for locale 
[0524/190601.235:WARNING:resource_bundle.cc(466)] locale_file_path.empty() for locale 
[0524/192644.609:WARNING:resource_bundle.cc(466)] locale_file_path.empty() for locale 
[0524/192910.660:WARNING:resource_bundle.cc(466)] locale_file_path.empty() for locale 
[0524/192922.687:WARNING:resource_bundle.cc(466)] locale_file_path.empty() for locale 
[0524/192941.166:WARNING:resource_bundle.cc(466)] locale_file_path.empty() for locale 
[0524/192953.239:WARNING:resource_bundle.cc(466)] locale_file_path.empty() for locale 
[0524/192959.022:WARNING:resource_bundle.cc(466)] locale_file_path.empty() for locale 
[0524/193505.387:WARNING:resource_bundle.cc(466)] locale_file_path.empty() for locale 
[0524/193538.843:WARNING:resource_bundle.cc(466)] locale_file_path.empty() for locale 
[0524/195615.546:WARNING:resource_bundle.cc(466)] locale_file_path.empty() for locale 
[0524/195619.579:WARNING:resource_bundle.cc(466)] locale_file_path.empty() for locale 
[0524/203648.184:WARNING:resource_bundle.cc(466)] locale_file_path.empty() for locale 
[0524/203654.012:WARNING:resource_bundle.cc(466)] locale_file_path.empty() for locale 
[0524/203655.069:WARNING:resource_bundle.cc(466)] locale_file_path.empty() for locale 
[0524/203708.411:WARNING:resource_bundle.cc(466)] locale_file_path.empty() for locale 
[0524/203709.362:WARNING:resource_bundle.cc(466)] locale_file_path.empty() for locale 
[0524/204255.811:WARNING:resource_bundle.cc(466)] locale_file_path.empty() for locale 
[0524/204256.814:WARNING:resource_bundle.cc(466)] locale_file_path.empty() for locale 
[0524/204358.363:WARNING:resource_bundle.cc(466)] locale_file_path.empty() for locale 
[0524/204359.403:WARNING:resource_bundle.cc(466)] locale_file_path.empty() for locale 
[0524/204409.803:WARNING:resource_bundle.cc(466)] locale_file_path.empty() for locale 
[0524/204417.642:WARNING:resource_bundle.cc(466)] locale_file_path.empty() for locale 
[0524/204418.650:WARNING:resource_bundle.cc(466)] locale_file_path.empty() for locale 
[0524/204556.793:WARNING:resource_bundle.cc(466)] locale_file_path.empty() for locale 
[0524/204557.879:WARNING:resource_bundle.cc(466)] locale_file_path.empty() for locale 
[0524/205236.526:WARNING:resource_bundle.cc(466)] locale_file_path.empty() for locale 
[0524/205237.620:WARNING:resource_bundle.cc(466)] locale_file_path.empty() for locale 
[0524/205319.396:WARNING:resource_bundle.cc(466)] locale_file_path.empty() for locale 
[0524/205320.389:WARNING:resource_bundle.cc(466)] locale_file_path.empty() for locale 
[0524/205553.190:WARNING:resource_bundle.cc(466)] locale_file_path.empty() for locale 
[0524/205554.259:WARNING:resource_bundle.cc(466)] locale_file_path.empty() for locale 
[0525/101337.578:WARNING:resource_bundle.cc(466)] locale_file_path.empty() for locale 
[0525/101338.459:WARNING:resource_bundle.cc(466)] locale_file_path.empty() for locale 
[0525/101524.891:WARNING:resource_bundle.cc(466)] locale_file_path.empty() for locale 
[0525/101526.006:WARNING:resource_bundle.cc(466)] locale_file_path.empty() for locale 
[0525/101605.236:WARNING:resource_bundle.cc(466)] locale_file_path.empty() for locale 
[0525/101606.362:WARNING:resource_bundle.cc(466)] locale_file_path.empty() for locale 
[0525/101922.993:WARNING:resource_bundle.cc(466)] locale_file_path.empty() for locale 
[0525/101924.333:WARNING:resource_bundle.cc(466)] locale_file_path.empty() for locale 
[0525/101932.611:WARNING:resource_bundle.cc(466)] locale_file_path.empty() for locale 
[0525/101933.913:WARNING:resource_bundle.cc(466)] locale_file_path.empty() for locale 
[0525/101953.067:WARNING:resource_bundle.cc(466)] locale_file_path.empty() for locale 
[0525/101954.188:WARNING:resource_bundle.cc(466)] locale_file_path.empty() for locale 
[0525/102021.699:WARNING:resource_bundle.cc(466)] locale_file_path.empty() for locale 
[0525/102022.721:WARNING:resource_bundle.cc(466)] locale_file_path.empty() for locale 
[0525/102029.479:WARNING:resource_bundle.cc(466)] locale_file_path.empty() for locale 
[0525/102030.553:WARNING:resource_bundle.cc(466)] locale_file_path.empty() for locale 
[0525/102040.786:WARNING:resource_bundle.cc(466)] locale_file_path.empty() for locale 
[0525/102045.785:WARNING:resource_bundle.cc(466)] locale_file_path.empty() for locale 
[0525/102100.513:WARNING:resource_bundle.cc(466)] locale_file_path.empty() for locale 
[0525/102106.134:WARNING:resource_bundle.cc(466)] locale_file_path.empty() for locale 
[0525/102133.845:WARNING:resource_bundle.cc(466)] locale_file_path.empty() for locale 
[0525/102137.102:WARNING:resource_bundle.cc(466)] locale_file_path.empty() for locale 
[0525/102149.073:WARNING:resource_bundle.cc(466)] locale_file_path.empty() for locale 
[0525/103418.843:WARNING:resource_bundle.cc(466)] locale_file_path.empty() for locale 
[0525/103605.522:WARNING:resource_bundle.cc(466)] locale_file_path.empty() for locale 
[0525/103934.934:WARNING:resource_bundle.cc(466)] locale_file_path.empty() for locale 
[0525/103941.769:WARNING:resource_bundle.cc(466)] locale_file_path.empty() for locale 
[0525/135430.148:WARNING:resource_bundle.cc(466)] locale_file_path.empty() for locale 
[0525/135438.481:WARNING:resource_bundle.cc(466)] locale_file_path.empty() for locale 
[0525/135512.406:WARNING:resource_bundle.cc(466)] locale_file_path.empty() for locale 
[0525/135517.058:WARNING:resource_bundle.cc(466)] locale_file_path.empty() for locale 
[0525/135531.581:WARNING:resource_bundle.cc(466)] locale_file_path.empty() for locale 
[0525/135537.175:WARNING:resource_bundle.cc(466)] locale_file_path.empty() for locale 
[0525/135540.157:WARNING:resource_bundle.cc(466)] locale_file_path.empty() for locale 
[0525/135543.005:WARNING:resource_bundle.cc(466)] locale_file_path.empty() for locale 
[0525/135546.729:WARNING:resource_bundle.cc(466)] locale_file_path.empty() for locale 
[0525/135613.809:WARNING:resource_bundle.cc(466)] locale_file_path.empty() for locale 
[0525/135631.014:WARNING:resource_bundle.cc(466)] locale_file_path.empty() for locale 
[0525/135636.395:WARNING:resource_bundle.cc(466)] locale_file_path.empty() for locale 
[0525/135644.402:WARNING:resource_bundle.cc(466)] locale_file_path.empty() for locale 
[0525/135645.245:WARNING:resource_bundle.cc(466)] locale_file_path.empty() for locale 
[0525/135645.967:WARNING:resource_bundle.cc(466)] locale_file_path.empty() for locale 
[0525/135647.066:WARNING:resource_bundle.cc(466)] locale_file_path.empty() for locale 
[0525/135647.768:WARNING:resource_bundle.cc(466)] locale_file_path.empty() for locale 
[0525/135648.667:WARNING:resource_bundle.cc(466)] locale_file_path.empty() for locale 
[0525/140323.581:WARNING:resource_bundle.cc(466)] locale_file_path.empty() for locale 
[0525/140326.909:WARNING:resource_bundle.cc(466)] locale_file_path.empty() for locale 
[0525/140331.461:WARNING:resource_bundle.cc(466)] locale_file_path.empty() for locale 
[0525/140412.106:WARNING:resource_bundle.cc(466)] locale_file_path.empty() for locale 
[0525/140727.576:WARNING:resource_bundle.cc(466)] locale_file_path.empty() for locale 
[0525/140927.804:WARNING:resource_bundle.cc(466)] locale_file_path.empty() for locale 
[0525/144255.417:WARNING:resource_bundle.cc(466)] locale_file_path.empty() for locale 
[0525/144703.921:WARNING:resource_bundle.cc(466)] locale_file_path.empty() for locale 
[0525/155143.615:WARNING:resource_bundle.cc(466)] locale_file_path.empty() for locale 
[0525/215207.414:WARNING:resource_bundle.cc(466)] locale_file_path.empty() for locale 
[0525/215549.473:WARNING:resource_bundle.cc(466)] locale_file_path.empty() for locale 
[0525/220726.188:WARNING:resource_bundle.cc(466)] locale_file_path.empty() for locale 
[0526/121855.017:WARNING:resource_bundle.cc(466)] locale_file_path.empty() for locale 
[0526/122143.629:WARNING:resource_bundle.cc(466)] locale_file_path.empty() for locale 
[0526/122321.925:WARNING:resource_bundle.cc(466)] locale_file_path.empty() for locale 
[0526/122442.342:WARNING:resource_bundle.cc(466)] locale_file_path.empty() for locale 
[0526/122544.401:WARNING:resource_bundle.cc(466)] locale_file_path.empty() for locale 
[0526/122848.203:WARNING:resource_bundle.cc(466)] locale_file_path.empty() for locale 
[0526/123020.421:WARNING:resource_bundle.cc(466)] locale_file_path.empty() for locale 
[0526/123137.552:WARNING:resource_bundle.cc(466)] locale_file_path.empty() for locale 
[0526/123301.727:WARNING:resource_bundle.cc(466)] locale_file_path.empty() for locale 
[0526/151515.567:WARNING:resource_bundle.cc(466)] locale_file_path.empty() for locale 
[0526/151834.337:WARNING:resource_bundle.cc(466)] locale_file_path.empty() for locale 
[0526/151852.121:WARNING:resource_bundle.cc(466)] locale_file_path.empty() for locale 
[0526/151947.264:WARNING:resource_bundle.cc(466)] locale_file_path.empty() for locale 
[0526/152016.087:WARNING:resource_bundle.cc(466)] locale_file_path.empty() for locale 
[0526/152643.732:WARNING:resource_bundle.cc(466)] locale_file_path.empty() for locale 
[0526/153004.165:WARNING:resource_bundle.cc(466)] locale_file_path.empty() for locale 
[0526/153022.020:WARNING:resource_bundle.cc(466)] locale_file_path.empty() for locale 
[0526/153022.794:WARNING:resource_bundle.cc(466)] locale_file_path.empty() for locale 
[0527/170846.538:ERROR:main_dll_loader_win.cc(124)] Failed to load Chrome DLL from C:\Users\truma\Documents\ballotreaderclone\ballotreader\pypeteer-chrome\chrome-win\chrome.dll: The specified module could not be found. (0x7E)
[0527/170924.910:ERROR:main_dll_loader_win.cc(124)] Failed to load Chrome DLL from C:\Users\truma\Documents\ballotreaderclone\ballotreader\pypeteer-chrome\chrome-win\chrome.dll: The specified module could not be found. (0x7E)
[0527/171001.081:ERROR:main_dll_loader_win.cc(124)] Failed to load Chrome DLL from C:\Users\truma\Documents\ballotreaderclone\ballotreader\pypeteer-chrome\chrome-win\chrome.dll: The specified module could not be found. (0x7E)
